Summary of SPARK analysis
=========================

---------------------------------------------------------------------------------------------------------
SPARK Analysis results        Total        Flow   Interval   CodePeer      Provers   Justified   Unproved
---------------------------------------------------------------------------------------------------------
Data Dependencies                 .           .          .          .            .           .          .
Flow Dependencies                 .           .          .          .            .           .          .
Initialization                   12          12          .          .            .           .          .
Non-Aliasing                      .           .          .          .            .           .          .
Run-time Checks                  13           .          .          .    13 (CVC4)           .          .
Assertions                        8           .          .          .     8 (CVC4)           .          .
Functional Contracts              4           .          .          .     4 (CVC4)           .          .
LSP Verification                  .           .          .          .            .           .          .
---------------------------------------------------------------------------------------------------------
Total                            37    12 (32%)          .          .     25 (68%)           .          .


Analyzed 3 units
in unit p3_1, 4 subprograms and packages out of 4 analyzed
  P3_1 at p3_1.ads:1 flow analyzed (0 errors, 0 checks and 0 warnings) and proved (0 checks)
  P3_1.Compare_To at p3_1.ads:6 flow analyzed (0 errors, 0 checks and 0 warnings) and proved (1 checks)
  P3_1.Count_Lower_Elements at p3_1.ads:14 flow analyzed (0 errors, 0 checks and 0 warnings) and proved (10 checks)
  P3_1.Delete_Elements at p3_1.ads:22 flow analyzed (0 errors, 0 checks and 0 warnings) and proved (14 checks)
in unit test_assertions, 0 subprograms and packages out of 4 analyzed
  Test_Assertions.Assert_False at test_assertions.ads:7 skipped
  Test_Assertions.Assert_False at test_assertions.ads:13 skipped
  Test_Assertions.Assert_True at test_assertions.ads:4 skipped
  Test_Assertions.Assert_True at test_assertions.ads:10 skipped
in unit test_p3_1, 0 subprograms and packages out of 1 analyzed
  Test_P3_1 at test_p3_1.adb:5 skipped
